{"C:\\Users\\janss\\Sarah_2026\\Projecten\\Portfolio\\src\\App.css": {"path":"C:\\Users\\janss\\Sarah_2026\\Projecten\\Portfolio\\src\\App.css","statementMap":{},"fnMap":{},"branchMap":{},"s":{},"f":{},"b":{},"meta":{"lastBranch":0,"lastFunction":0,"lastStatement":0,"seen":{}}}
,"C:\\Users\\janss\\Sarah_2026\\Projecten\\Portfolio\\src\\App.tsx": {"path":"C:\\Users\\janss\\Sarah_2026\\Projecten\\Portfolio\\src\\App.tsx","statementMap":{"0":{"start":{"line":7,"column":2},"end":{"line":12,"column":null}}},"fnMap":{"0":{"name":"App","decl":{"start":{"line":6,"column":9},"end":{"line":6,"column":15}},"loc":{"start":{"line":6,"column":15},"end":{"line":14,"column":null}},"line":6}},"branchMap":{},"s":{"0":0},"f":{"0":0},"b":{},"meta":{"lastBranch":0,"lastFunction":1,"lastStatement":1,"seen":{"f:6:9:6:15":0,"s:7:2:12:Infinity":0}}}
,"C:\\Users\\janss\\Sarah_2026\\Projecten\\Portfolio\\src\\index.css": {"path":"C:\\Users\\janss\\Sarah_2026\\Projecten\\Portfolio\\src\\index.css","statementMap":{},"fnMap":{},"branchMap":{},"s":{},"f":{},"b":{},"meta":{"lastBranch":0,"lastFunction":0,"lastStatement":0,"seen":{}}}
,"C:\\Users\\janss\\Sarah_2026\\Projecten\\Portfolio\\src\\assets\\hero.png": {"path":"C:\\Users\\janss\\Sarah_2026\\Projecten\\Portfolio\\src\\assets\\hero.png","statementMap":{},"fnMap":{},"branchMap":{},"s":{},"f":{},"b":{},"meta":{"lastBranch":0,"lastFunction":0,"lastStatement":0,"seen":{}}}
,"C:\\Users\\janss\\Sarah_2026\\Projecten\\Portfolio\\src\\assets\\react.svg": {"path":"C:\\Users\\janss\\Sarah_2026\\Projecten\\Portfolio\\src\\assets\\react.svg","statementMap":{},"fnMap":{},"branchMap":{},"s":{},"f":{},"b":{},"meta":{"lastBranch":0,"lastFunction":0,"lastStatement":0,"seen":{}}}
,"C:\\Users\\janss\\Sarah_2026\\Projecten\\Portfolio\\src\\assets\\vite.svg": {"path":"C:\\Users\\janss\\Sarah_2026\\Projecten\\Portfolio\\src\\assets\\vite.svg","statementMap":{},"fnMap":{},"branchMap":{},"s":{},"f":{},"b":{},"meta":{"lastBranch":0,"lastFunction":0,"lastStatement":0,"seen":{}}}
,"C:\\Users\\janss\\Sarah_2026\\Projecten\\Portfolio\\src\\components\\layout\\Footer.tsx": {"path":"C:\\Users\\janss\\Sarah_2026\\Projecten\\Portfolio\\src\\components\\layout\\Footer.tsx","statementMap":{"0":{"start":{"line":3,"column":6},"end":{"line":16,"column":null}},"1":{"start":{"line":4,"column":2},"end":{"line":14,"column":null}}},"fnMap":{"0":{"name":"(anonymous_0)","decl":{"start":{"line":3,"column":6},"end":{"line":3,"column":31}},"loc":{"start":{"line":3,"column":31},"end":{"line":16,"column":null}},"line":3}},"branchMap":{},"s":{"0":0,"1":0},"f":{"0":0},"b":{},"meta":{"lastBranch":0,"lastFunction":1,"lastStatement":2,"seen":{"s:3:6:16:Infinity":0,"f:3:6:3:31":0,"s:4:2:14:Infinity":1}}}
,"C:\\Users\\janss\\Sarah_2026\\Projecten\\Portfolio\\src\\components\\layout\\Header.tsx": {"path":"C:\\Users\\janss\\Sarah_2026\\Projecten\\Portfolio\\src\\components\\layout\\Header.tsx","statementMap":{"0":{"start":{"line":4,"column":6},"end":{"line":38,"column":null}},"1":{"start":{"line":5,"column":19},"end":{"line":11,"column":null}},"2":{"start":{"line":13,"column":2},"end":{"line":36,"column":null}},"3":{"start":{"line":21,"column":12},"end":{"line":32,"column":null}},"4":{"start":{"line":25,"column":18},"end":{"line":26,"column":null}}},"fnMap":{"0":{"name":"(anonymous_0)","decl":{"start":{"line":4,"column":6},"end":{"line":4,"column":31}},"loc":{"start":{"line":4,"column":31},"end":{"line":38,"column":null}},"line":4},"1":{"name":"(anonymous_1)","decl":{"start":{"line":20,"column":20},"end":{"line":20,"column":25}},"loc":{"start":{"line":21,"column":12},"end":{"line":32,"column":null}},"line":21},"2":{"name":"(anonymous_2)","decl":{"start":{"line":24,"column":16},"end":{"line":24,"column":28}},"loc":{"start":{"line":25,"column":18},"end":{"line":26,"column":null}},"line":25}},"branchMap":{"0":{"loc":{"start":{"line":26,"column":20},"end":{"line":26,"column":null}},"type":"cond-expr","locations":[{"start":{"line":26,"column":31},"end":{"line":26,"column":86}},{"start":{"line":26,"column":86},"end":{"line":26,"column":null}}],"line":26}},"s":{"0":0,"1":0,"2":0,"3":0,"4":0},"f":{"0":0,"1":0,"2":0},"b":{"0":[0,0]},"meta":{"lastBranch":1,"lastFunction":3,"lastStatement":5,"seen":{"s:4:6:38:Infinity":0,"f:4:6:4:31":0,"s:5:19:11:Infinity":1,"s:13:2:36:Infinity":2,"f:20:20:20:25":1,"s:21:12:32:Infinity":3,"f:24:16:24:28":2,"s:25:18:26:Infinity":4,"b:26:31:26:86:26:86:26:Infinity":0}}}
,"C:\\Users\\janss\\Sarah_2026\\Projecten\\Portfolio\\src\\components\\layout\\PageContainer.tsx": {"path":"C:\\Users\\janss\\Sarah_2026\\Projecten\\Portfolio\\src\\components\\layout\\PageContainer.tsx","statementMap":{"0":{"start":{"line":9,"column":6},"end":{"line":19,"column":null}},"1":{"start":{"line":10,"column":2},"end":{"line":17,"column":null}}},"fnMap":{"0":{"name":"(anonymous_0)","decl":{"start":{"line":9,"column":6},"end":{"line":9,"column":53}},"loc":{"start":{"line":9,"column":70},"end":{"line":19,"column":null}},"line":9}},"branchMap":{},"s":{"0":0,"1":0},"f":{"0":0},"b":{},"meta":{"lastBranch":0,"lastFunction":1,"lastStatement":2,"seen":{"s:9:6:19:Infinity":0,"f:9:6:9:53":0,"s:10:2:17:Infinity":1}}}
,"C:\\Users\\janss\\Sarah_2026\\Projecten\\Portfolio\\src\\components\\project\\ProjectCard.tsx": {"path":"C:\\Users\\janss\\Sarah_2026\\Projecten\\Portfolio\\src\\components\\project\\ProjectCard.tsx","statementMap":{"0":{"start":{"line":10,"column":6},"end":{"line":43,"column":null}},"1":{"start":{"line":11,"column":2},"end":{"line":41,"column":null}},"2":{"start":{"line":19,"column":12},"end":{"line":19,"column":null}}},"fnMap":{"0":{"name":"(anonymous_0)","decl":{"start":{"line":10,"column":6},"end":{"line":10,"column":49}},"loc":{"start":{"line":10,"column":65},"end":{"line":43,"column":null}},"line":10},"1":{"name":"(anonymous_1)","decl":{"start":{"line":18,"column":39},"end":{"line":18,"column":44}},"loc":{"start":{"line":19,"column":12},"end":{"line":19,"column":null}},"line":19}},"branchMap":{"0":{"loc":{"start":{"line":15,"column":11},"end":{"line":18,"column":19}},"type":"binary-expr","locations":[{"start":{"line":15,"column":11},"end":{"line":15,"column":null}},{"start":{"line":16,"column":12},"end":{"line":18,"column":19}}],"line":15}},"s":{"0":0,"1":0,"2":0},"f":{"0":0,"1":0},"b":{"0":[0,0]},"meta":{"lastBranch":1,"lastFunction":2,"lastStatement":3,"seen":{"s:10:6:43:Infinity":0,"f:10:6:10:49":0,"s:11:2:41:Infinity":1,"b:15:11:15:Infinity:16:12:18:19":0,"f:18:39:18:44":1,"s:19:12:19:Infinity":2}}}
,"C:\\Users\\janss\\Sarah_2026\\Projecten\\Portfolio\\src\\components\\seo\\Seo.tsx": {"path":"C:\\Users\\janss\\Sarah_2026\\Projecten\\Portfolio\\src\\components\\seo\\Seo.tsx","statementMap":{"0":{"start":{"line":9,"column":6},"end":{"line":24,"column":null}},"1":{"start":{"line":10,"column":2},"end":{"line":22,"column":null}}},"fnMap":{"0":{"name":"(anonymous_0)","decl":{"start":{"line":9,"column":6},"end":{"line":9,"column":33}},"loc":{"start":{"line":9,"column":60},"end":{"line":24,"column":null}},"line":9}},"branchMap":{},"s":{"0":0,"1":0},"f":{"0":0},"b":{},"meta":{"lastBranch":0,"lastFunction":1,"lastStatement":2,"seen":{"s:9:6:24:Infinity":0,"f:9:6:9:33":0,"s:10:2:22:Infinity":1}}}
,"C:\\Users\\janss\\Sarah_2026\\Projecten\\Portfolio\\src\\components\\ui\\Button.tsx": {"path":"C:\\Users\\janss\\Sarah_2026\\Projecten\\Portfolio\\src\\components\\ui\\Button.tsx","statementMap":{"0":{"start":{"line":14,"column":6},"end":{"line":46,"column":null}},"1":{"start":{"line":23,"column":21},"end":{"line":23,"column":null}},"2":{"start":{"line":25,"column":19},"end":{"line":29,"column":null}},"3":{"start":{"line":31,"column":28},"end":{"line":31,"column":null}},"4":{"start":{"line":33,"column":2},"end":{"line":35,"column":null}},"5":{"start":{"line":34,"column":4},"end":{"line":34,"column":null}},"6":{"start":{"line":37,"column":2},"end":{"line":39,"column":null}},"7":{"start":{"line":38,"column":4},"end":{"line":38,"column":null}},"8":{"start":{"line":41,"column":2},"end":{"line":44,"column":null}}},"fnMap":{"0":{"name":"(anonymous_0)","decl":{"start":{"line":14,"column":6},"end":{"line":14,"column":39}},"loc":{"start":{"line":22,"column":6},"end":{"line":46,"column":null}},"line":22}},"branchMap":{"0":{"loc":{"start":{"line":19,"column":2},"end":{"line":19,"column":null}},"type":"default-arg","locations":[{"start":{"line":19,"column":12},"end":{"line":19,"column":null}}],"line":19},"1":{"loc":{"start":{"line":20,"column":2},"end":{"line":20,"column":null}},"type":"default-arg","locations":[{"start":{"line":20,"column":14},"end":{"line":20,"column":null}}],"line":20},"2":{"loc":{"start":{"line":33,"column":2},"end":{"line":35,"column":null}},"type":"if","locations":[{"start":{"line":33,"column":2},"end":{"line":35,"column":null}},{"start":{},"end":{}}],"line":33},"3":{"loc":{"start":{"line":37,"column":2},"end":{"line":39,"column":null}},"type":"if","locations":[{"start":{"line":37,"column":2},"end":{"line":39,"column":null}},{"start":{},"end":{}}],"line":37}},"s":{"0":1,"1":4,"2":4,"3":4,"4":4,"5":1,"6":3,"7":1,"8":2},"f":{"0":4},"b":{"0":[4],"1":[4],"2":[1,3],"3":[1,2]},"meta":{"lastBranch":4,"lastFunction":1,"lastStatement":9,"seen":{"s:14:6:46:Infinity":0,"f:14:6:14:39":0,"b:19:12:19:Infinity":0,"b:20:14:20:Infinity":1,"s:23:21:23:Infinity":1,"s:25:19:29:Infinity":2,"s:31:28:31:Infinity":3,"b:33:2:35:Infinity:undefined:undefined:undefined:undefined":2,"s:33:2:35:Infinity":4,"s:34:4:34:Infinity":5,"b:37:2:39:Infinity:undefined:undefined:undefined:undefined":3,"s:37:2:39:Infinity":6,"s:38:4:38:Infinity":7,"s:41:2:44:Infinity":8}}}
,"C:\\Users\\janss\\Sarah_2026\\Projecten\\Portfolio\\src\\components\\ui\\HighlightSection.tsx": {"path":"C:\\Users\\janss\\Sarah_2026\\Projecten\\Portfolio\\src\\components\\ui\\HighlightSection.tsx","statementMap":{"0":{"start":{"line":9,"column":6},"end":{"line":20,"column":null}},"1":{"start":{"line":10,"column":2},"end":{"line":18,"column":null}}},"fnMap":{"0":{"name":"(anonymous_0)","decl":{"start":{"line":9,"column":6},"end":{"line":9,"column":59}},"loc":{"start":{"line":9,"column":99},"end":{"line":20,"column":null}},"line":9}},"branchMap":{"0":{"loc":{"start":{"line":9,"column":78},"end":{"line":9,"column":99}},"type":"default-arg","locations":[{"start":{"line":9,"column":90},"end":{"line":9,"column":99}}],"line":9}},"s":{"0":0,"1":0},"f":{"0":0},"b":{"0":[0]},"meta":{"lastBranch":1,"lastFunction":1,"lastStatement":2,"seen":{"s:9:6:20:Infinity":0,"f:9:6:9:59":0,"b:9:90:9:99":0,"s:10:2:18:Infinity":1}}}
,"C:\\Users\\janss\\Sarah_2026\\Projecten\\Portfolio\\src\\components\\ui\\SectionHeading.tsx": {"path":"C:\\Users\\janss\\Sarah_2026\\Projecten\\Portfolio\\src\\components\\ui\\SectionHeading.tsx","statementMap":{"0":{"start":{"line":11,"column":6},"end":{"line":27,"column":null}},"1":{"start":{"line":18,"column":21},"end":{"line":18,"column":null}},"2":{"start":{"line":19,"column":24},"end":{"line":19,"column":null}},"3":{"start":{"line":21,"column":2},"end":{"line":25,"column":null}}},"fnMap":{"0":{"name":"(anonymous_0)","decl":{"start":{"line":11,"column":6},"end":{"line":11,"column":55}},"loc":{"start":{"line":17,"column":6},"end":{"line":27,"column":null}},"line":17}},"branchMap":{"0":{"loc":{"start":{"line":14,"column":2},"end":{"line":14,"column":null}},"type":"default-arg","locations":[{"start":{"line":14,"column":13},"end":{"line":14,"column":null}}],"line":14},"1":{"loc":{"start":{"line":15,"column":2},"end":{"line":15,"column":null}},"type":"default-arg","locations":[{"start":{"line":15,"column":14},"end":{"line":15,"column":null}}],"line":15},"2":{"loc":{"start":{"line":16,"column":2},"end":{"line":16,"column":null}},"type":"default-arg","locations":[{"start":{"line":16,"column":10},"end":{"line":16,"column":null}}],"line":16},"3":{"loc":{"start":{"line":19,"column":24},"end":{"line":19,"column":null}},"type":"cond-expr","locations":[{"start":{"line":19,"column":41},"end":{"line":19,"column":66}},{"start":{"line":19,"column":66},"end":{"line":19,"column":null}}],"line":19},"4":{"loc":{"start":{"line":22,"column":29},"end":{"line":22,"column":59}},"type":"cond-expr","locations":[{"start":{"line":22,"column":40},"end":{"line":22,"column":56}},{"start":{"line":22,"column":56},"end":{"line":22,"column":59}}],"line":22},"5":{"loc":{"start":{"line":24,"column":7},"end":{"line":25,"column":null}},"type":"binary-expr","locations":[{"start":{"line":24,"column":7},"end":{"line":24,"column":19}},{"start":{"line":24,"column":19},"end":{"line":25,"column":null}}],"line":24},"6":{"loc":{"start":{"line":24,"column":77},"end":{"line":24,"column":107}},"type":"cond-expr","locations":[{"start":{"line":24,"column":88},"end":{"line":24,"column":100}},{"start":{"line":24,"column":100},"end":{"line":24,"column":107}}],"line":24}},"s":{"0":0,"1":0,"2":0,"3":0},"f":{"0":0},"b":{"0":[0],"1":[0],"2":[0],"3":[0,0],"4":[0,0],"5":[0,0],"6":[0,0]},"meta":{"lastBranch":7,"lastFunction":1,"lastStatement":4,"seen":{"s:11:6:27:Infinity":0,"f:11:6:11:55":0,"b:14:13:14:Infinity":0,"b:15:14:15:Infinity":1,"b:16:10:16:Infinity":2,"s:18:21:18:Infinity":1,"s:19:24:19:Infinity":2,"b:19:41:19:66:19:66:19:Infinity":3,"s:21:2:25:Infinity":3,"b:22:40:22:56:22:56:22:59":4,"b:24:7:24:19:24:19:25:Infinity":5,"b:24:88:24:100:24:100:24:107":6}}}
,"C:\\Users\\janss\\Sarah_2026\\Projecten\\Portfolio\\src\\components\\ui\\Tag.tsx": {"path":"C:\\Users\\janss\\Sarah_2026\\Projecten\\Portfolio\\src\\components\\ui\\Tag.tsx","statementMap":{"0":{"start":{"line":8,"column":6},"end":{"line":20,"column":null}},"1":{"start":{"line":9,"column":19},"end":{"line":13,"column":null}},"2":{"start":{"line":15,"column":2},"end":{"line":18,"column":null}}},"fnMap":{"0":{"name":"(anonymous_0)","decl":{"start":{"line":8,"column":6},"end":{"line":8,"column":33}},"loc":{"start":{"line":8,"column":68},"end":{"line":20,"column":null}},"line":8}},"branchMap":{"0":{"loc":{"start":{"line":8,"column":45},"end":{"line":8,"column":68}},"type":"default-arg","locations":[{"start":{"line":8,"column":55},"end":{"line":8,"column":68}}],"line":8}},"s":{"0":1,"1":2,"2":2},"f":{"0":2},"b":{"0":[2]},"meta":{"lastBranch":1,"lastFunction":1,"lastStatement":3,"seen":{"s:8:6:20:Infinity":0,"f:8:6:8:33":0,"b:8:55:8:68":0,"s:9:19:13:Infinity":1,"s:15:2:18:Infinity":2}}}
,"C:\\Users\\janss\\Sarah_2026\\Projecten\\Portfolio\\src\\data\\projects.ts": {"path":"C:\\Users\\janss\\Sarah_2026\\Projecten\\Portfolio\\src\\data\\projects.ts","statementMap":{"0":{"start":{"line":3,"column":35},"end":{"line":54,"column":null}}},"fnMap":{},"branchMap":{},"s":{"0":1},"f":{},"b":{},"meta":{"lastBranch":0,"lastFunction":0,"lastStatement":1,"seen":{"s:3:35:54:Infinity":0}}}
,"C:\\Users\\janss\\Sarah_2026\\Projecten\\Portfolio\\src\\pages\\About.tsx": {"path":"C:\\Users\\janss\\Sarah_2026\\Projecten\\Portfolio\\src\\pages\\About.tsx","statementMap":{"0":{"start":{"line":8,"column":6},"end":{"line":75,"column":null}},"1":{"start":{"line":9,"column":17},"end":{"line":13,"column":null}},"2":{"start":{"line":15,"column":2},"end":{"line":73,"column":null}},"3":{"start":{"line":53,"column":16},"end":{"line":53,"column":null}}},"fnMap":{"0":{"name":"(anonymous_0)","decl":{"start":{"line":8,"column":6},"end":{"line":8,"column":30}},"loc":{"start":{"line":8,"column":30},"end":{"line":75,"column":null}},"line":8},"1":{"name":"(anonymous_1)","decl":{"start":{"line":52,"column":22},"end":{"line":52,"column":26}},"loc":{"start":{"line":53,"column":16},"end":{"line":53,"column":null}},"line":53}},"branchMap":{},"s":{"0":0,"1":0,"2":0,"3":0},"f":{"0":0,"1":0},"b":{},"meta":{"lastBranch":0,"lastFunction":2,"lastStatement":4,"seen":{"s:8:6:75:Infinity":0,"f:8:6:8:30":0,"s:9:17:13:Infinity":1,"s:15:2:73:Infinity":2,"f:52:22:52:26":1,"s:53:16:53:Infinity":3}}}
,"C:\\Users\\janss\\Sarah_2026\\Projecten\\Portfolio\\src\\pages\\CV.tsx": {"path":"C:\\Users\\janss\\Sarah_2026\\Projecten\\Portfolio\\src\\pages\\CV.tsx","statementMap":{"0":{"start":{"line":7,"column":6},"end":{"line":114,"column":null}},"1":{"start":{"line":8,"column":21},"end":{"line":21,"column":null}},"2":{"start":{"line":23,"column":20},"end":{"line":29,"column":null}},"3":{"start":{"line":31,"column":2},"end":{"line":112,"column":null}},"4":{"start":{"line":58,"column":20},"end":{"line":65,"column":null}},"5":{"start":{"line":74,"column":20},"end":{"line":80,"column":null}}},"fnMap":{"0":{"name":"(anonymous_0)","decl":{"start":{"line":7,"column":6},"end":{"line":7,"column":27}},"loc":{"start":{"line":7,"column":27},"end":{"line":114,"column":null}},"line":7},"1":{"name":"(anonymous_1)","decl":{"start":{"line":57,"column":30},"end":{"line":57,"column":35}},"loc":{"start":{"line":58,"column":20},"end":{"line":65,"column":null}},"line":58},"2":{"name":"(anonymous_2)","decl":{"start":{"line":73,"column":29},"end":{"line":73,"column":34}},"loc":{"start":{"line":74,"column":20},"end":{"line":80,"column":null}},"line":74}},"branchMap":{},"s":{"0":0,"1":0,"2":0,"3":0,"4":0,"5":0},"f":{"0":0,"1":0,"2":0},"b":{},"meta":{"lastBranch":0,"lastFunction":3,"lastStatement":6,"seen":{"s:7:6:114:Infinity":0,"f:7:6:7:27":0,"s:8:21:21:Infinity":1,"s:23:20:29:Infinity":2,"s:31:2:112:Infinity":3,"f:57:30:57:35":1,"s:58:20:65:Infinity":4,"f:73:29:73:34":2,"s:74:20:80:Infinity":5}}}
,"C:\\Users\\janss\\Sarah_2026\\Projecten\\Portfolio\\src\\pages\\Contact.tsx": {"path":"C:\\Users\\janss\\Sarah_2026\\Projecten\\Portfolio\\src\\pages\\Contact.tsx","statementMap":{"0":{"start":{"line":7,"column":6},"end":{"line":64,"column":null}},"1":{"start":{"line":8,"column":2},"end":{"line":62,"column":null}}},"fnMap":{"0":{"name":"(anonymous_0)","decl":{"start":{"line":7,"column":6},"end":{"line":7,"column":32}},"loc":{"start":{"line":7,"column":32},"end":{"line":64,"column":null}},"line":7}},"branchMap":{},"s":{"0":0,"1":0},"f":{"0":0},"b":{},"meta":{"lastBranch":0,"lastFunction":1,"lastStatement":2,"seen":{"s:7:6:64:Infinity":0,"f:7:6:7:32":0,"s:8:2:62:Infinity":1}}}
,"C:\\Users\\janss\\Sarah_2026\\Projecten\\Portfolio\\src\\pages\\Home.tsx": {"path":"C:\\Users\\janss\\Sarah_2026\\Projecten\\Portfolio\\src\\pages\\Home.tsx","statementMap":{"0":{"start":{"line":10,"column":6},"end":{"line":69,"column":null}},"1":{"start":{"line":11,"column":27},"end":{"line":11,"column":null}},"2":{"start":{"line":11,"column":48},"end":{"line":11,"column":58}},"3":{"start":{"line":13,"column":2},"end":{"line":67,"column":null}},"4":{"start":{"line":60,"column":12},"end":{"line":60,"column":null}}},"fnMap":{"0":{"name":"(anonymous_0)","decl":{"start":{"line":10,"column":6},"end":{"line":10,"column":29}},"loc":{"start":{"line":10,"column":29},"end":{"line":69,"column":null}},"line":10},"1":{"name":"(anonymous_1)","decl":{"start":{"line":11,"column":36},"end":{"line":11,"column":43}},"loc":{"start":{"line":11,"column":48},"end":{"line":11,"column":58}},"line":11},"2":{"name":"(anonymous_2)","decl":{"start":{"line":59,"column":28},"end":{"line":59,"column":32}},"loc":{"start":{"line":60,"column":12},"end":{"line":60,"column":null}},"line":60}},"branchMap":{},"s":{"0":0,"1":0,"2":0,"3":0,"4":0},"f":{"0":0,"1":0,"2":0},"b":{},"meta":{"lastBranch":0,"lastFunction":3,"lastStatement":5,"seen":{"s:10:6:69:Infinity":0,"f:10:6:10:29":0,"s:11:27:11:Infinity":1,"f:11:36:11:43":1,"s:11:48:11:58":2,"s:13:2:67:Infinity":3,"f:59:28:59:32":2,"s:60:12:60:Infinity":4}}}
,"C:\\Users\\janss\\Sarah_2026\\Projecten\\Portfolio\\src\\pages\\NotFound.tsx": {"path":"C:\\Users\\janss\\Sarah_2026\\Projecten\\Portfolio\\src\\pages\\NotFound.tsx","statementMap":{"0":{"start":{"line":6,"column":6},"end":{"line":19,"column":null}},"1":{"start":{"line":7,"column":2},"end":{"line":17,"column":null}}},"fnMap":{"0":{"name":"(anonymous_0)","decl":{"start":{"line":6,"column":6},"end":{"line":6,"column":33}},"loc":{"start":{"line":6,"column":33},"end":{"line":19,"column":null}},"line":6}},"branchMap":{},"s":{"0":0,"1":0},"f":{"0":0},"b":{},"meta":{"lastBranch":0,"lastFunction":1,"lastStatement":2,"seen":{"s:6:6:19:Infinity":0,"f:6:6:6:33":0,"s:7:2:17:Infinity":1}}}
,"C:\\Users\\janss\\Sarah_2026\\Projecten\\Portfolio\\src\\pages\\ProjectDetail.tsx": {"path":"C:\\Users\\janss\\Sarah_2026\\Projecten\\Portfolio\\src\\pages\\ProjectDetail.tsx","statementMap":{"0":{"start":{"line":9,"column":6},"end":{"line":182,"column":null}},"1":{"start":{"line":10,"column":10},"end":{"line":10,"column":null}},"2":{"start":{"line":11,"column":18},"end":{"line":11,"column":null}},"3":{"start":{"line":11,"column":39},"end":{"line":11,"column":54}},"4":{"start":{"line":13,"column":2},"end":{"line":15,"column":null}},"5":{"start":{"line":14,"column":4},"end":{"line":14,"column":null}},"6":{"start":{"line":17,"column":2},"end":{"line":180,"column":null}},"7":{"start":{"line":37,"column":14},"end":{"line":37,"column":null}},"8":{"start":{"line":50,"column":44},"end":{"line":50,"column":64}},"9":{"start":{"line":56,"column":46},"end":{"line":56,"column":66}},"10":{"start":{"line":62,"column":45},"end":{"line":62,"column":65}}},"fnMap":{"0":{"name":"(anonymous_0)","decl":{"start":{"line":9,"column":6},"end":{"line":9,"column":38}},"loc":{"start":{"line":9,"column":38},"end":{"line":182,"column":null}},"line":9},"1":{"name":"(anonymous_1)","decl":{"start":{"line":11,"column":27},"end":{"line":11,"column":33}},"loc":{"start":{"line":11,"column":39},"end":{"line":11,"column":54}},"line":11},"2":{"name":"(anonymous_2)","decl":{"start":{"line":36,"column":29},"end":{"line":36,"column":34}},"loc":{"start":{"line":37,"column":14},"end":{"line":37,"column":null}},"line":37},"3":{"name":"(anonymous_3)","decl":{"start":{"line":50,"column":30},"end":{"line":50,"column":35}},"loc":{"start":{"line":50,"column":44},"end":{"line":50,"column":64}},"line":50},"4":{"name":"(anonymous_4)","decl":{"start":{"line":56,"column":32},"end":{"line":56,"column":37}},"loc":{"start":{"line":56,"column":46},"end":{"line":56,"column":66}},"line":56},"5":{"name":"(anonymous_5)","decl":{"start":{"line":62,"column":31},"end":{"line":62,"column":36}},"loc":{"start":{"line":62,"column":45},"end":{"line":62,"column":65}},"line":62}},"branchMap":{"0":{"loc":{"start":{"line":13,"column":2},"end":{"line":15,"column":null}},"type":"if","locations":[{"start":{"line":13,"column":2},"end":{"line":15,"column":null}},{"start":{},"end":{}}],"line":13},"1":{"loc":{"start":{"line":35,"column":13},"end":{"line":36,"column":21}},"type":"binary-expr","locations":[{"start":{"line":35,"column":13},"end":{"line":35,"column":29}},{"start":{"line":35,"column":29},"end":{"line":36,"column":21}}],"line":35}},"s":{"0":0,"1":0,"2":0,"3":0,"4":0,"5":0,"6":0,"7":0,"8":0,"9":0,"10":0},"f":{"0":0,"1":0,"2":0,"3":0,"4":0,"5":0},"b":{"0":[0,0],"1":[0,0]},"meta":{"lastBranch":2,"lastFunction":6,"lastStatement":11,"seen":{"s:9:6:182:Infinity":0,"f:9:6:9:38":0,"s:10:10:10:Infinity":1,"s:11:18:11:Infinity":2,"f:11:27:11:33":1,"s:11:39:11:54":3,"b:13:2:15:Infinity:undefined:undefined:undefined:undefined":0,"s:13:2:15:Infinity":4,"s:14:4:14:Infinity":5,"s:17:2:180:Infinity":6,"b:35:13:35:29:35:29:36:21":1,"f:36:29:36:34":2,"s:37:14:37:Infinity":7,"f:50:30:50:35":3,"s:50:44:50:64":8,"f:56:32:56:37":4,"s:56:46:56:66":9,"f:62:31:62:36":5,"s:62:45:62:65":10}}}
,"C:\\Users\\janss\\Sarah_2026\\Projecten\\Portfolio\\src\\pages\\Projects.tsx": {"path":"C:\\Users\\janss\\Sarah_2026\\Projecten\\Portfolio\\src\\pages\\Projects.tsx","statementMap":{"0":{"start":{"line":8,"column":6},"end":{"line":39,"column":null}},"1":{"start":{"line":9,"column":2},"end":{"line":37,"column":null}},"2":{"start":{"line":25,"column":12},"end":{"line":25,"column":null}}},"fnMap":{"0":{"name":"(anonymous_0)","decl":{"start":{"line":8,"column":6},"end":{"line":8,"column":33}},"loc":{"start":{"line":8,"column":33},"end":{"line":39,"column":null}},"line":8},"1":{"name":"(anonymous_1)","decl":{"start":{"line":24,"column":20},"end":{"line":24,"column":24}},"loc":{"start":{"line":25,"column":12},"end":{"line":25,"column":null}},"line":25}},"branchMap":{"0":{"loc":{"start":{"line":29,"column":9},"end":{"line":34,"column":null}},"type":"binary-expr","locations":[{"start":{"line":29,"column":9},"end":{"line":29,"column":null}},{"start":{"line":30,"column":10},"end":{"line":34,"column":null}}],"line":29}},"s":{"0":0,"1":0,"2":0},"f":{"0":0,"1":0},"b":{"0":[0,0]},"meta":{"lastBranch":1,"lastFunction":2,"lastStatement":3,"seen":{"s:8:6:39:Infinity":0,"f:8:6:8:33":0,"s:9:2:37:Infinity":1,"f:24:20:24:24":1,"s:25:12:25:Infinity":2,"b:29:9:29:Infinity:30:10:34:Infinity":0}}}
,"C:\\Users\\janss\\Sarah_2026\\Projecten\\Portfolio\\src\\routes\\AppRoutes.tsx": {"path":"C:\\Users\\janss\\Sarah_2026\\Projecten\\Portfolio\\src\\routes\\AppRoutes.tsx","statementMap":{"0":{"start":{"line":11,"column":6},"end":{"line":25,"column":null}},"1":{"start":{"line":12,"column":2},"end":{"line":23,"column":null}}},"fnMap":{"0":{"name":"(anonymous_0)","decl":{"start":{"line":11,"column":6},"end":{"line":11,"column":34}},"loc":{"start":{"line":11,"column":34},"end":{"line":25,"column":null}},"line":11}},"branchMap":{},"s":{"0":0,"1":0},"f":{"0":0},"b":{},"meta":{"lastBranch":0,"lastFunction":1,"lastStatement":2,"seen":{"s:11:6:25:Infinity":0,"f:11:6:11:34":0,"s:12:2:23:Infinity":1}}}
}
